<?xml version="1.0" encoding="UTF-8"?>
<!-- Generated by org.testng.reporters.JUnitReportReporter -->
<testsuite hostname="DESKTOP-VQ5QEI1" failures="0" tests="1" name="RunnerClassForCS.RFOHRMlogin" time="25.344" errors="0" timestamp="2024-12-16T13:00:24 IST" skipped="0">
  <testcase classname="RunnerClassForCS.RFOHRMlogin" name="runScenario" time="25.344"/>
</testsuite> <!-- RunnerClassForCS.RFOHRMlogin -->
