<?xml version="1.0" encoding="UTF-8"?>
<!-- Generated by org.testng.reporters.JUnitReportReporter -->
<testsuite hostname="DESKTOP-VQ5QEI1" failures="0" tests="2" name="POM.first" time="0.017" errors="0" timestamp="2025-02-16T18:33:51 IST" skipped="0">
  <testcase classname="POM.first" name="test" time="0.014"/>
  <testcase classname="POM.first" name="testing" time="0.003"/>
</testsuite> <!-- POM.first -->
