<?xml version="1.0" encoding="UTF-8"?>
<!-- Generated by org.testng.reporters.JUnitReportReporter -->
<testsuite hostname="DESKTOP-VQ5QEI1" failures="0" tests="1" name="POM.LoginTestWithoutPageFactory" time="7.602" errors="0" timestamp="2024-10-24T10:06:01 IST" skipped="0">
  <testcase classname="POM.LoginTestWithoutPageFactory" name="testLogin" time="7.602"/>
</testsuite> <!-- POM.LoginTestWithoutPageFactory -->
